<?xml version="1.0" encoding="UTF-8"?>
<!-- Generated by org.testng.reporters.JUnitReportReporter -->
<testsuite hostname="DESKTOP-ASDS5EB" failures="0" tests="1" name="amazonWeb.SearchPhoneTest" time="18.954" errors="0" timestamp="2023-05-11T23:07:52 IST" skipped="0">
  <testcase classname="amazonWeb.SearchPhoneTest" name="SearchPhone" time="18.954"/>
  <system-out/>
</testsuite> <!-- amazonWeb.SearchPhoneTest -->
