<?xml version="1.0" encoding="UTF-8"?>
<!-- Generated by org.testng.reporters.JUnitReportReporter -->
<testsuite hostname="DESKTOP-ASDS5EB" failures="0" tests="2" name="amazonWeb.AmazonLoginTest" time="88.797" errors="0" timestamp="2023-05-11T23:07:52 IST" skipped="0">
  <testcase classname="amazonWeb.AmazonLoginTest" name="LoginPage" time="5.531"/>
  <system-out/>
  <testcase classname="amazonWeb.AmazonLoginTest" name="MiPhoneSearch" time="83.266"/>
  <system-out/>
</testsuite> <!-- amazonWeb.AmazonLoginTest -->
